<?xml version="1.0" encoding="UTF-8"?>
<testsuite name="com.example.springreacttemplate.SpringReactTemplateApplicationTests" tests="1" skipped="0" failures="0" errors="0" timestamp="2021-05-19T05:32:22" hostname="namdaeyeong-ui-MacBookPro.local" time="0.189">
  <properties/>
  <testcase name="contextLoads()" classname="com.example.springreacttemplate.SpringReactTemplateApplicationTests" time="0.189"/>
  <system-out><![CDATA[14:31:58.885 [Test worker] DEBUG org.springframework.test.context.BootstrapUtils - Instantiating CacheAwareContextLoaderDelegate from class [org.springframework.test.context.cache.DefaultCacheAwareContextLoaderDelegate]
14:31:58.894 [Test worker] DEBUG org.springframework.test.context.BootstrapUtils - Instantiating BootstrapContext using constructor [public org.springframework.test.context.support.DefaultBootstrapContext(java.lang.Class,org.springframework.test.context.CacheAwareContextLoaderDelegate)]
14:31:58.933 [Test worker] DEBUG org.springframework.test.context.BootstrapUtils - Instantiating TestContextBootstrapper for test class [com.example.springreacttemplate.SpringReactTemplateApplicationTests] from class [org.springframework.boot.test.context.SpringBootTestContextBootstrapper]
14:31:58.944 [Test worker] INFO org.springframework.boot.test.context.SpringBootTestContextBootstrapper - Neither @ContextConfiguration nor @ContextHierarchy found for test class [com.example.springreacttemplate.SpringReactTemplateApplicationTests], using SpringBootContextLoader
14:31:58.947 [Test worker] DEBUG org.springframework.test.context.support.AbstractContextLoader - Did not detect default resource location for test class [com.example.springreacttemplate.SpringReactTemplateApplicationTests]: class path resource [com/example/springreacttemplate/SpringReactTemplateApplicationTests-context.xml] does not exist
14:31:58.948 [Test worker] DEBUG org.springframework.test.context.support.AbstractContextLoader - Did not detect default resource location for test class [com.example.springreacttemplate.SpringReactTemplateApplicationTests]: class path resource [com/example/springreacttemplate/SpringReactTemplateApplicationTestsContext.groovy] does not exist
14:31:58.948 [Test worker] INFO org.springframework.test.context.support.AbstractContextLoader - Could not detect default resource locations for test class [com.example.springreacttemplate.SpringReactTemplateApplicationTests]: no resource found for suffixes {-context.xml, Context.groovy}.
14:31:58.948 [Test worker] INFO org.springframework.test.context.support.AnnotationConfigContextLoaderUtils - Could not detect default configuration classes for test class [com.example.springreacttemplate.SpringReactTemplateApplicationTests]: SpringReactTemplateApplicationTests does not declare any static, non-private, non-final, nested classes annotated with @Configuration.
14:31:59.010 [Test worker] DEBUG org.springframework.test.context.support.ActiveProfilesUtils - Could not find an 'annotation declaring class' for annotation type [org.springframework.test.context.ActiveProfiles] and class [com.example.springreacttemplate.SpringReactTemplateApplicationTests]
14:31:59.117 [Test worker] DEBUG org.springframework.context.annotation.ClassPathScanningCandidateComponentProvider - Identified candidate component class: file [/Users/skaeodud0507/IdeaProjects/spring-react-template/build/classes/java/main/com/example/springreacttemplate/SpringReactTemplateApplication.class]
14:31:59.121 [Test worker] INFO org.springframework.boot.test.context.SpringBootTestContextBootstrapper - Found @SpringBootConfiguration com.example.springreacttemplate.SpringReactTemplateApplication for test class com.example.springreacttemplate.SpringReactTemplateApplicationTests
14:31:59.261 [Test worker] DEBUG org.springframework.boot.test.context.SpringBootTestContextBootstrapper - @TestExecutionListeners is not present for class [com.example.springreacttemplate.SpringReactTemplateApplicationTests]: using defaults.
14:31:59.263 [Test worker] INFO org.springframework.boot.test.context.SpringBootTestContextBootstrapper - Loaded default TestExecutionListener class names from location [META-INF/spring.factories]: [org.springframework.boot.test.autoconfigure.restdocs.RestDocsTestExecutionListener, org.springframework.boot.test.autoconfigure.web.client.MockRestServiceServerResetTestExecutionListener, org.springframework.boot.test.autoconfigure.web.servlet.MockMvcPrintOnlyOnFailureTestExecutionListener, org.springframework.boot.test.autoconfigure.web.servlet.WebDriverTestExecutionListener, org.springframework.boot.test.autoconfigure.webservices.client.MockWebServiceServerTestExecutionListener, org.springframework.boot.test.mock.mockito.MockitoTestExecutionListener, org.springframework.boot.test.mock.mockito.ResetMocksTestExecutionListener, org.springframework.test.context.web.ServletTestExecutionListener, org.springframework.test.context.support.DirtiesContextBeforeModesTestExecutionListener, org.springframework.test.context.event.ApplicationEventsTestExecutionListener, org.springframework.test.context.support.DependencyInjectionTestExecutionListener, org.springframework.test.context.support.DirtiesContextTestExecutionListener, org.springframework.test.context.transaction.TransactionalTestExecutionListener, org.springframework.test.context.jdbc.SqlScriptsTestExecutionListener, org.springframework.test.context.event.EventPublishingTestExecutionListener]
14:31:59.273 [Test worker] DEBUG org.springframework.boot.test.context.SpringBootTestContextBootstrapper - Skipping candidate TestExecutionListener [org.springframework.test.context.transaction.TransactionalTestExecutionListener] due to a missing dependency. Specify custom listener classes or make the default listener classes and their required dependencies available. Offending class: [org/springframework/transaction/TransactionDefinition]
14:31:59.274 [Test worker] DEBUG org.springframework.boot.test.context.SpringBootTestContextBootstrapper - Skipping candidate TestExecutionListener [org.springframework.test.context.jdbc.SqlScriptsTestExecutionListener] due to a missing dependency. Specify custom listener classes or make the default listener classes and their required dependencies available. Offending class: [org/springframework/transaction/interceptor/TransactionAttribute]
14:31:59.274 [Test worker] INFO org.springframework.boot.test.context.SpringBootTestContextBootstrapper - Using TestExecutionListeners: [org.springframework.test.context.web.ServletTestExecutionListener@49a15898, org.springframework.test.context.support.DirtiesContextBeforeModesTestExecutionListener@5914a15, org.springframework.test.context.event.ApplicationEventsTestExecutionListener@2389b85, org.springframework.boot.test.mock.mockito.MockitoTestExecutionListener@1aef8fde, org.springframework.boot.test.autoconfigure.SpringBootDependencyInjectionTestExecutionListener@59497183, org.springframework.test.context.support.DirtiesContextTestExecutionListener@5607495d, org.springframework.test.context.event.EventPublishingTestExecutionListener@10a514ab, org.springframework.boot.test.autoconfigure.restdocs.RestDocsTestExecutionListener@7652f81e, org.springframework.boot.test.autoconfigure.web.client.MockRestServiceServerResetTestExecutionListener@64055a3e, org.springframework.boot.test.autoconfigure.web.servlet.MockMvcPrintOnlyOnFailureTestExecutionListener@824aa42, org.springframework.boot.test.autoconfigure.web.servlet.WebDriverTestExecutionListener@301cf7a1, org.springframework.boot.test.autoconfigure.webservices.client.MockWebServiceServerTestExecutionListener@516f7bb4, org.springframework.boot.test.mock.mockito.ResetMocksTestExecutionListener@1f750f0d]
14:31:59.278 [Test worker] DEBUG org.springframework.test.context.support.AbstractDirtiesContextTestExecutionListener - Before test class: context [DefaultTestContext@5cf6af4e testClass = SpringReactTemplateApplicationTests, testInstance = [null], testMethod = [null], testException = [null], mergedContextConfiguration = [WebMergedContextConfiguration@2b8c3c77 testClass = SpringReactTemplateApplicationTests, locations = '{}', classes = '{class com.example.springreacttemplate.SpringReactTemplateApplication}', contextInitializerClasses = '[]', activeProfiles = '{}', propertySourceLocations = '{}', propertySourceProperties = '{org.springframework.boot.test.context.SpringBootTestContextBootstrapper=true}', contextCustomizers = set[org.springframework.boot.test.autoconfigure.actuate.metrics.MetricsExportContextCustomizerFactory$DisableMetricExportContextCustomizer@6354d8e, org.springframework.boot.test.autoconfigure.properties.PropertyMappingContextCustomizer@0, org.springframework.boot.test.autoconfigure.web.servlet.WebDriverContextCustomizerFactory$Customizer@5d70fe3e, org.springframework.boot.test.context.filter.ExcludeFilterContextCustomizer@153f10c5, org.springframework.boot.test.json.DuplicateJsonObjectContextCustomizerFactory$DuplicateJsonObjectContextCustomizer@57f4dd71, org.springframework.boot.test.mock.mockito.MockitoContextCustomizer@0, org.springframework.boot.test.web.client.TestRestTemplateContextCustomizer@2f87e43c, org.springframework.boot.test.context.SpringBootTestArgs@1, org.springframework.boot.test.context.SpringBootTestWebEnvironment@7bcf7], resourceBasePath = 'src/main/webapp', contextLoader = 'org.springframework.boot.test.context.SpringBootContextLoader', parent = [null]], attributes = map['org.springframework.test.context.web.ServletTestExecutionListener.activateListener' -> true]], class annotated with @DirtiesContext [false] with mode [null].
14:31:59.323 [Test worker] DEBUG org.springframework.test.context.support.TestPropertySourceUtils - Adding inlined properties to environment: {spring.jmx.enabled=false, org.springframework.boot.test.context.SpringBootTestContextBootstrapper=true}

  .   ____          _            __ _ _
 /\\ / ___'_ __ _ _(_)_ __  __ _ \ \ \ \
( ( )\___ | '_ | '_| | '_ \/ _` | \ \ \ \
 \\/  ___)| |_)| | | | | || (_| |  ) ) ) )
  '  |____| .__|_| |_|_| |_\__, | / / / /
 =========|_|==============|___/=/_/_/_/
 :: Spring Boot ::                (v2.4.5)

2021-05-19 14:32:14.687  WARN 2706 --- [    Test worker] o.s.boot.StartupInfoLogger               : InetAddress.getLocalHost().getHostName() took 5005 milliseconds to respond. Please verify your network configuration (macOS machines may need to add entries to /etc/hosts).
2021-05-19 14:32:19.716  INFO 2706 --- [    Test worker] .e.s.SpringReactTemplateApplicationTests : Starting SpringReactTemplateApplicationTests using Java 1.8.0_291 on namdaeyeong-ui-MacBookPro.local with PID 2706 (started by skaeodud0507 in /Users/skaeodud0507/IdeaProjects/spring-react-template)
2021-05-19 14:32:19.742  INFO 2706 --- [    Test worker] .e.s.SpringReactTemplateApplicationTests : No active profile set, falling back to default profiles: default
2021-05-19 14:32:21.496  INFO 2706 --- [    Test worker] o.s.s.concurrent.ThreadPoolTaskExecutor  : Initializing ExecutorService 'applicationTaskExecutor'
2021-05-19 14:32:21.717  INFO 2706 --- [    Test worker] o.s.b.a.w.s.WelcomePageHandlerMapping    : Adding welcome page: class path resource [static/index.html]
2021-05-19 14:32:22.051  INFO 2706 --- [    Test worker] .e.s.SpringReactTemplateApplicationTests : Started SpringReactTemplateApplicationTests in 22.721 seconds (JVM running for 24.104)
]]></system-out>
  <system-err><![CDATA[]]></system-err>
</testsuite>
